26-01-09 20:11:33:INFO:*********************test_valid_admin_login_data_driven_started**********************************
26-01-09 20:15:05:INFO:*********************test_valid_admin_login_data_driven_started**********************************
26-01-09 20:26:48:INFO:*********************test_valid_admin_login_data_driven_started**********************************
26-01-09 20:29:21:INFO:*********************test_valid_admin_login_data_driven_started**********************************
26-01-09 20:30:21:INFO:*********************test_valid_admin_login_data_driven_started**********************************
26-01-09 20:31:15:INFO:*********************test_valid_admin_login_data_driven_started**********************************
26-01-09 21:22:23:INFO:*********************test_valid_admin_login_data_driven_started**********************************
26-01-09 21:23:25:INFO:*********************test_valid_admin_login_data_driven_started**********************************
26-01-09 21:25:19:INFO:*********************test_valid_admin_login_data_driven_started**********************************
26-01-09 21:27:56:INFO:*********************test_valid_admin_login_data_driven_started**********************************
26-01-09 21:35:58:INFO:*********************test_valid_admin_login_data_driven_started**********************************
26-01-09 21:37:38:INFO:*********************test_valid_admin_login_data_driven_started**********************************
26-01-11 10:00:41:INFO:*********************test_valid_admin_login_data_driven_started**********************************
26-01-11 10:00:47:INFO:test data is passed
26-01-11 10:01:39:INFO:*********************test_valid_admin_login_data_driven_started**********************************
26-01-11 10:01:45:INFO:test data is passed 1 
26-01-11 10:02:23:INFO:*********************test_valid_admin_login_data_driven_started**********************************
26-01-11 10:02:29:INFO:test data is passed 1 
26-01-11 10:02:34:INFO:test data is failed
26-01-11 10:02:38:INFO:test data is failed
26-01-11 10:03:11:INFO:*********************test_valid_admin_login_data_driven_started**********************************
26-01-11 10:03:17:INFO:test data is passed 1 
26-01-11 10:03:21:INFO:test data is failed
26-01-11 10:03:26:INFO:test data is failed
26-01-11 10:03:26:INFO:test data is failed
26-01-11 10:20:40:INFO:*********************test_valid_admin_login_data_driven_started**********************************
26-01-11 10:20:46:INFO:test data is passed 1 
26-01-11 10:20:51:INFO:test data is failed 1
26-01-11 10:23:50:INFO:*********************test_valid_admin_login_data_driven_started**********************************
26-01-11 10:23:57:INFO:test data is passed 1 
26-01-11 10:24:43:INFO:*********************test_valid_admin_login_data_driven_started**********************************
26-01-11 10:24:48:INFO:test data is passed 1 
26-01-11 10:24:53:INFO:test data is failed 1
26-01-11 10:30:42:INFO:*********************test_valid_admin_login_data_driven_started**********************************
26-01-11 10:30:48:INFO:test data is passed 1 
26-01-11 10:30:53:INFO:test data is failed 1
26-01-11 19:00:44:INFO:*********************test_valid_admin_login_data_driven_started**********************************
26-01-11 19:00:49:INFO:test data is passed 1 
26-01-11 19:00:53:INFO:test data is failed 1
26-01-11 19:10:26:INFO:*********************test_valid_admin_login_data_driven_started**********************************
26-01-11 19:10:31:INFO:test data is passed 1 
26-01-11 19:10:35:INFO:Login succeeded but was expected to fail
26-01-11 19:13:05:INFO:*********************test_valid_admin_login_data_driven_started**********************************
26-01-11 19:13:10:INFO:test data is passed 1 
26-01-11 19:13:14:INFO:Login succeeded but was expected to fail
26-01-11 19:13:17:INFO:Login succeeded but was expected to fail
26-01-11 19:14:12:INFO:*********************test_valid_admin_login_data_driven_started**********************************
26-01-11 19:14:17:INFO:test data is passed 1 
26-01-11 19:14:24:WARNING:Retrying (Retry(total=2, connect=None, read=None, redirect=None, status=None)) after connection broken by 'NewConnectionError("HTTPConnection(host='localhost', port=51952): Failed to establish a new connection: [WinError 10061] No connection could be made because the target machine actively refused it")': /session/0c5a9d2c600cd99e31cd458c6736cde8/element
26-01-11 19:14:28:WARNING:Retrying (Retry(total=1, connect=None, read=None, redirect=None, status=None)) after connection broken by 'NewConnectionError("HTTPConnection(host='localhost', port=51952): Failed to establish a new connection: [WinError 10061] No connection could be made because the target machine actively refused it")': /session/0c5a9d2c600cd99e31cd458c6736cde8/element
26-01-11 19:14:32:WARNING:Retrying (Retry(total=0, connect=None, read=None, redirect=None, status=None)) after connection broken by 'NewConnectionError("HTTPConnection(host='localhost', port=51952): Failed to establish a new connection: [WinError 10061] No connection could be made because the target machine actively refused it")': /session/0c5a9d2c600cd99e31cd458c6736cde8/element
26-01-11 19:17:54:INFO:*********************test_valid_admin_login_data_driven_started**********************************
26-01-11 19:17:59:INFO:test data is passed 1 
26-01-11 19:18:10:INFO:Login succeeded but was expected to fail
26-01-11 19:18:14:INFO:Login succeeded but was expected to fail
26-01-11 19:18:30:INFO:*********************test_valid_admin_login_data_driven_started**********************************
26-01-11 19:18:34:INFO:test data is passed 1 
26-01-11 19:18:38:INFO:Login succeeded but was expected to fail
26-01-11 19:18:41:INFO:Login succeeded but was expected to fail
26-01-11 19:18:43:INFO:test data is failed 3 
26-01-11 19:20:17:INFO:*********************test_valid_admin_login_data_driven_started**********************************
26-01-11 19:20:22:INFO:test data is passed 1 
26-01-11 19:20:26:INFO:Login succeeded but was expected to fail
26-01-11 19:20:29:INFO:Login succeeded but was expected to fail
26-01-11 19:20:31:INFO:test data is passed 3
26-01-11 19:24:27:INFO:*********************test_valid_admin_login_data_driven_started**********************************
26-01-11 19:24:31:INFO:test data is passed 1 
26-01-11 19:24:35:INFO:Login succeeded but was expected to fail
26-01-11 19:24:38:INFO:Login succeeded but was expected to fail
26-01-11 19:24:38:INFO:test data is passed 3
26-01-13 19:00:56:INFO:*********************test_valid_admin_login_data_driven_started**********************************
26-01-13 19:01:01:INFO:test data is passed 1 
26-01-13 19:01:04:INFO:Login succeeded but was expected to fail
26-01-13 19:01:08:INFO:Login succeeded but was expected to fail
26-01-13 19:01:08:INFO:test data is passed 3
26-01-13 19:24:31:INFO:****************test_full_shopping************
26-01-13 19:25:55:INFO:****************test_full_shopping************
26-01-13 20:08:03:INFO:****************test_full_shopping************
26-01-13 20:08:07:INFO:******************shopping done *************
26-01-13 20:25:07:INFO:****************test_full_shopping************
26-01-13 20:25:09:INFO: ****************test_full_shopping Login success ***************
26-01-13 20:32:16:INFO:****************test_full_shopping************
26-01-13 20:32:18:INFO: ****************test_full_shopping Login success ***************
26-01-13 20:32:20:INFO:******************shopping done *************
26-01-13 20:32:43:INFO:****************test_full_shopping************
26-01-13 20:32:45:INFO: ****************test_full_shopping Login success ***************
26-01-13 20:32:49:INFO:******************shopping done *************
26-01-13 20:34:01:INFO:****************test_full_shopping************
26-01-13 20:34:03:INFO: ****************test_full_shopping Login success ***************
26-01-13 20:34:07:INFO:******************shopping done *************
26-01-13 20:35:49:INFO:****************test_full_shopping************
26-01-13 20:35:51:INFO: ****************test_full_shopping Login success ***************
26-01-13 20:41:07:INFO:****************test_full_shopping************
26-01-13 20:41:09:INFO: ****************test_full_shopping Login success ***************
26-01-13 20:41:48:INFO:****************test_full_shopping************
26-01-13 20:41:50:INFO: ****************test_full_shopping Login success ***************
26-01-13 20:43:00:INFO:****************test_full_shopping************
26-01-13 20:43:01:INFO: ****************test_full_shopping Login success ***************
26-01-13 20:46:08:INFO:****************test_full_shopping************
26-01-13 20:46:10:INFO: ****************test_full_shopping Login success ***************
26-01-13 20:46:20:INFO:******************shopping done *************
26-01-13 20:50:01:INFO:****************test_full_shopping************
26-01-13 20:50:03:INFO: ****************test_full_shopping Login success ***************
26-01-13 20:51:58:INFO:****************test_full_shopping************
26-01-13 20:51:59:INFO: ****************test_full_shopping Login success ***************
26-01-13 20:52:17:INFO:******************shopping done *************
26-01-13 20:54:08:INFO:****************test_full_shopping************
26-01-13 20:54:10:INFO: ****************test_full_shopping Login success ***************
26-01-13 20:54:27:INFO:******************shopping done *************
26-01-13 20:55:22:INFO:****************test_full_shopping************
26-01-13 20:55:24:INFO: ****************test_full_shopping Login success ***************
26-01-13 20:58:03:INFO:****************test_full_shopping************
26-01-13 20:58:05:INFO: ****************test_full_shopping Login success ***************
26-01-13 21:03:26:INFO:****************test_full_shopping************
26-01-13 21:03:28:INFO: ****************test_full_shopping Login success ***************
26-01-13 21:03:40:INFO:******************shopping done *************
26-01-13 21:03:59:INFO:****************test_full_shopping************
26-01-13 21:04:01:INFO: ****************test_full_shopping Login success ***************
26-01-13 21:04:29:INFO:****************test_full_shopping************
26-01-13 21:04:31:INFO: ****************test_full_shopping Login success ***************
26-01-13 21:05:27:INFO:****************test_full_shopping************
26-01-13 21:05:29:INFO: ****************test_full_shopping Login success ***************
26-01-13 21:05:59:INFO:****************test_full_shopping************
26-01-13 21:06:01:INFO: ****************test_full_shopping Login success ***************
26-01-13 21:06:13:INFO:******************shopping done *************
26-01-13 21:06:23:INFO:****************test_full_shopping************
26-01-13 21:06:25:INFO: ****************test_full_shopping Login success ***************
26-01-13 21:06:37:INFO:******************shopping done *************
26-01-14 11:40:50:INFO:****************test_full_shopping************
26-01-14 11:40:53:INFO: ****************test_full_shopping Login success ***************
26-01-14 11:42:06:INFO:****************test_full_shopping************
26-01-14 11:42:09:INFO: ****************test_full_shopping Login success ***************
26-01-14 11:43:16:INFO:****************test_full_shopping************
26-01-14 11:43:18:INFO: ****************test_full_shopping Login success ***************
26-01-14 13:12:10:INFO:****************test_full_shopping************
26-01-14 13:12:12:INFO: ****************test_full_shopping Login success ***************
26-01-14 13:13:20:INFO:****************test_full_shopping************
26-01-14 13:13:22:INFO: ****************test_full_shopping Login success ***************
26-01-14 13:13:38:INFO:******************shopping done *************
26-01-14 13:14:56:INFO:****************test_full_shopping************
26-01-14 13:14:59:INFO: ****************test_full_shopping Login success ***************
26-01-14 13:22:59:INFO:****************test_full_shopping************
26-01-14 13:23:02:INFO: ****************test_full_shopping Login success ***************
26-01-14 13:23:21:INFO:******************shopping done *************
26-01-14 13:31:34:INFO:****************test_full_shopping************
26-01-14 13:31:36:INFO: ****************test_full_shopping Login success ***************
26-01-14 13:42:52:INFO:****************test_full_shopping************
26-01-14 13:42:54:INFO: ****************test_full_shopping Login success ***************
26-01-14 13:42:54:INFO: ****************test_full_shopping add to cart success ***************
26-01-14 13:42:55:INFO: ****************test_full_shopping cart button click success ***************
26-01-14 13:45:40:INFO:****************test_full_shopping************
26-01-14 13:45:43:INFO: ****************test_full_shopping Login success ***************
26-01-14 13:45:43:INFO: ****************test_full_shopping add to cart success ***************
26-01-14 13:45:43:INFO: ****************test_full_shopping cart button click success ***************
26-01-14 14:02:25:INFO:****************test_full_shopping************
26-01-14 14:02:28:INFO: ****************test_full_shopping Login success ***************
26-01-14 14:02:28:INFO: ****************test_full_shopping add to cart success ***************
26-01-14 14:02:28:INFO: ****************test_full_shopping cart button click success ***************
26-01-14 14:15:09:INFO:****************test_full_shopping************
26-01-14 14:15:11:INFO: ****************test_full_shopping Login success ***************
26-01-14 14:15:11:INFO: ****************test_full_shopping add to cart success ***************
26-01-14 14:15:11:INFO: ****************test_full_shopping cart button click success ***************
26-01-14 14:18:43:INFO:****************test_full_shopping************
26-01-14 14:18:45:INFO: ****************test_full_shopping Login success ***************
26-01-14 14:18:45:INFO: ****************test_full_shopping add to cart success ***************
26-01-14 14:18:45:INFO: ****************test_full_shopping cart button click success ***************
26-01-14 14:19:20:INFO:****************test_full_shopping************
26-01-14 14:19:22:INFO: ****************test_full_shopping Login success ***************
26-01-14 14:19:22:INFO: ****************test_full_shopping add to cart success ***************
26-01-14 14:19:22:INFO: ****************test_full_shopping cart button click success ***************
26-01-14 14:22:17:INFO:****************test_full_shopping************
26-01-14 14:22:19:INFO: ****************test_full_shopping Login success ***************
26-01-14 14:22:19:INFO: ****************test_full_shopping add to cart success ***************
26-01-14 14:22:19:INFO: ****************test_full_shopping cart button click success ***************
26-01-14 14:27:38:INFO:****************test_full_shopping************
26-01-14 14:27:41:INFO: ****************test_full_shopping Login success ***************
26-01-14 14:27:41:INFO: ****************test_full_shopping add to cart success ***************
26-01-14 14:27:42:INFO: ****************test_full_shopping cart button click success ***************
26-01-14 14:28:34:INFO:****************test_full_shopping************
26-01-14 14:28:36:INFO: ****************test_full_shopping Login success ***************
26-01-14 14:28:37:INFO: ****************test_full_shopping add to cart success ***************
26-01-14 14:28:37:INFO: ****************test_full_shopping cart button click success ***************
26-01-14 14:30:44:INFO:****************test_full_shopping************
26-01-14 14:30:47:INFO: ****************test_full_shopping Login success ***************
26-01-14 14:30:47:INFO: ****************test_full_shopping add to cart success ***************
26-01-14 14:30:47:INFO: ****************test_full_shopping cart button click success ***************
26-01-14 14:30:52:INFO:******************shopping done *************
26-01-14 14:31:12:INFO:****************test_full_shopping************
26-01-14 14:31:14:INFO: ****************test_full_shopping Login success ***************
26-01-14 14:31:15:INFO: ****************test_full_shopping add to cart success ***************
26-01-14 14:31:15:INFO: ****************test_full_shopping cart button click success ***************
26-01-14 14:31:19:INFO:******************shopping done *************
26-01-14 14:34:00:INFO:****************test_full_shopping************
26-01-14 14:34:03:INFO: ****************test_full_shopping Login success ***************
26-01-14 14:34:04:INFO: ****************test_full_shopping add to cart success ***************
26-01-14 14:34:04:INFO: ****************test_full_shopping cart button click success ***************
26-01-14 14:34:30:INFO:****************test_full_shopping************
26-01-14 14:34:32:INFO: ****************test_full_shopping Login success ***************
26-01-14 14:34:33:INFO: ****************test_full_shopping add to cart success ***************
26-01-14 14:34:33:INFO: ****************test_full_shopping cart button click success ***************
26-01-14 14:34:37:INFO:******************shopping done *************
26-01-15 18:44:43:INFO:****************test_full_shopping************
26-01-15 18:44:45:INFO: ****************test_full_shopping Login success ***************
26-01-15 18:44:45:INFO: ****************test_full_shopping add to cart success ***************
26-01-15 18:44:45:INFO: ****************test_full_shopping cart button click success ***************
26-01-15 18:44:48:INFO:******************shopping done *************
26-01-15 19:15:36:INFO:****************test_full_shopping************
26-01-15 19:15:38:INFO: ****************test_full_shopping Login success ***************
26-01-15 19:15:38:INFO: ****************test_full_shopping add to cart success ***************
26-01-15 19:15:38:INFO: ****************test_full_shopping cart button click success ***************
26-01-15 19:15:40:INFO:******************shopping done *************
26-01-15 19:16:41:INFO:****************test_full_shopping************
26-01-15 19:16:42:INFO: ****************test_full_shopping Login success ***************
26-01-15 19:16:43:INFO: ****************test_full_shopping add to cart success ***************
26-01-15 19:16:43:INFO: ****************test_full_shopping cart button click success ***************
26-01-15 19:16:45:INFO:******************shopping done *************
26-01-15 19:17:43:INFO:****************test_full_shopping************
26-01-15 19:17:45:INFO: ****************test_full_shopping Login success ***************
26-01-15 19:17:45:INFO: ****************test_full_shopping add to cart success ***************
26-01-15 19:17:45:INFO: ****************test_full_shopping cart button click success ***************
26-01-15 19:17:48:INFO:******************shopping done *************
26-01-15 19:18:02:INFO:****************test_full_shopping************
26-01-15 19:18:04:INFO: ****************test_full_shopping Login success ***************
26-01-15 19:18:04:INFO: ****************test_full_shopping add to cart success ***************
26-01-15 19:18:04:INFO: ****************test_full_shopping cart button click success ***************
26-01-15 19:18:07:INFO:******************shopping done *************
26-01-15 20:58:57:INFO:****************test_full_shopping************
26-01-15 20:59:00:INFO: ****************test_full_shopping Login success ***************
26-01-15 20:59:00:INFO: ****************test_full_shopping add to cart success ***************
26-01-15 20:59:00:INFO: ****************test_full_shopping cart button click success ***************
26-01-15 20:59:05:INFO:******************shopping done *************
